<?xml version="1.0" encoding="UTF-8"?>
<!-- Generated by org.testng.reporters.JUnitXMLReporter -->
<testsuite ignored="2" hostname="LAPTOP-VNBA3OG5" failures="0" tests="1" name="Default test" time="0.088" errors="0" timestamp="2021-09-30T10:59:47 CDT">
  <testcase classname="_MakeAPatternOfU_LCase_P._MakeAPatternOfU_LCase.MakeAPatternOfULCase" name="t3" time="0.017"/>
  <testcase classname="_MakeAPatternOfU_LCase_P._MakeAPatternOfU_LCase.MakeAPatternOfULCase" name="t2" time="0.0">
    <ignored/>
  </testcase> <!-- t2 -->
  <testcase classname="_MakeAPatternOfU_LCase_P._MakeAPatternOfU_LCase.MakeAPatternOfULCase" name="t1" time="0.0">
    <ignored/>
  </testcase> <!-- t1 -->
</testsuite> <!-- Default test -->
