<?xml version="1.0" encoding="UTF-8"?>
<testng-results ignored="2" total="3" passed="1" failed="0" skipped="0">
  <reporter-output>
  </reporter-output>
  <suite started-at="2021-09-30T10:59:47 CDT" name="Default suite" finished-at="2021-09-30T10:59:47 CDT" duration-ms="88">
    <groups>
    </groups>
    <test started-at="2021-09-30T10:59:47 CDT" name="Default test" finished-at="2021-09-30T10:59:47 CDT" duration-ms="88">
      <class name="_MakeAPatternOfU_LCase_P._MakeAPatternOfU_LCase.MakeAPatternOfULCase">
        <test-method signature="t3()[pri:0, instance:_MakeAPatternOfU_LCase_P._MakeAPatternOfU_LCase.MakeAPatternOfULCase@223f3642]" started-at="2021-09-30T10:59:47 CDT" name="t3" finished-at="2021-09-30T10:59:47 CDT" duration-ms="17" status="PASS">
          <reporter-output>
          </reporter-output>
        </test-method> <!-- t3 -->
      </class> <!-- _MakeAPatternOfU_LCase_P._MakeAPatternOfU_LCase.MakeAPatternOfULCase -->
    </test> <!-- Default test -->
  </suite> <!-- Default suite -->
</testng-results>
